[debug] [2023-03-02T12:01:58.586Z] ----------------------------------------------------------------------
[debug] [2023-03-02T12:01:58.588Z] Command:       /usr/local/bin/node /usr/local/bin/firebase deploy
[debug] [2023-03-02T12:01:58.589Z] CLI Version:   11.24.0
[debug] [2023-03-02T12:01:58.589Z] Platform:      darwin
[debug] [2023-03-02T12:01:58.589Z] Node Version:  v18.13.0
[debug] [2023-03-02T12:01:58.591Z] Time:          Thu Mar 02 2023 14:01:58 GMT+0200 (Eastern European Standard Time)
[debug] [2023-03-02T12:01:58.591Z] ----------------------------------------------------------------------
[debug] 
[debug] [2023-03-02T12:01:58.672Z] > command requires scopes: ["email","openid","https://www.googleapis.com/auth/cloudplatformprojects.readonly","https://www.googleapis.com/auth/firebase","https://www.googleapis.com/auth/cloud-platform"]
[debug] [2023-03-02T12:01:58.673Z] > authorizing via signed-in user (abdallahmohamedien@gmail.com)
[debug] [2023-03-02T12:01:58.673Z] [iam] checking project fav-food-92f4b for permissions ["firebase.projects.get","firebasehosting.sites.update"]
[debug] [2023-03-02T12:01:58.675Z] >>> [apiv2][query] POST https://cloudresourcemanager.googleapis.com/v1/projects/fav-food-92f4b:testIamPermissions [none]
[debug] [2023-03-02T12:01:58.675Z] >>> [apiv2][(partial)header] POST https://cloudresourcemanager.googleapis.com/v1/projects/fav-food-92f4b:testIamPermissions x-goog-quota-user=projects/fav-food-92f4b
[debug] [2023-03-02T12:01:58.676Z] >>> [apiv2][body] POST https://cloudresourcemanager.googleapis.com/v1/projects/fav-food-92f4b:testIamPermissions {"permissions":["firebase.projects.get","firebasehosting.sites.update"]}
[debug] [2023-03-02T12:01:59.846Z] <<< [apiv2][status] POST https://cloudresourcemanager.googleapis.com/v1/projects/fav-food-92f4b:testIamPermissions 200
[debug] [2023-03-02T12:01:59.846Z] <<< [apiv2][body] POST https://cloudresourcemanager.googleapis.com/v1/projects/fav-food-92f4b:testIamPermissions {"permissions":["firebase.projects.get","firebasehosting.sites.update"]}
[debug] [2023-03-02T12:01:59.847Z] >>> [apiv2][query] GET https://firebase.googleapis.com/v1beta1/projects/fav-food-92f4b [none]
[debug] [2023-03-02T12:02:00.447Z] <<< [apiv2][status] GET https://firebase.googleapis.com/v1beta1/projects/fav-food-92f4b 200
[debug] [2023-03-02T12:02:00.447Z] <<< [apiv2][body] GET https://firebase.googleapis.com/v1beta1/projects/fav-food-92f4b {"projectId":"fav-food-92f4b","projectNumber":"155465767569","displayName":"fav-food","name":"projects/fav-food-92f4b","resources":{"hostingSite":"fav-food-92f4b"},"state":"ACTIVE","etag":"1_5d7569a7-4452-4732-a8bd-fa16b7a80247"}
[info] 
[info] === Deploying to 'fav-food-92f4b'...
[info] 
[info] i  deploying hosting 
[debug] [2023-03-02T12:02:00.454Z] >>> [apiv2][query] POST https://firebasehosting.googleapis.com/v1beta1/projects/-/sites/fav-food-92f4b/versions [none]
[debug] [2023-03-02T12:02:00.454Z] >>> [apiv2][body] POST https://firebasehosting.googleapis.com/v1beta1/projects/-/sites/fav-food-92f4b/versions {"status":"CREATED","labels":{"deployment-tool":"cli-firebase"}}
[debug] [2023-03-02T12:02:01.984Z] <<< [apiv2][status] POST https://firebasehosting.googleapis.com/v1beta1/projects/-/sites/fav-food-92f4b/versions 200
[debug] [2023-03-02T12:02:01.985Z] <<< [apiv2][body] POST https://firebasehosting.googleapis.com/v1beta1/projects/-/sites/fav-food-92f4b/versions {"name":"projects/155465767569/sites/fav-food-92f4b/versions/7296f06dd5c8df61","status":"CREATED","config":{},"labels":{"deployment-tool":"cli-firebase"}}
[info] i  hosting[fav-food-92f4b]: beginning deploy... 
[info] i  hosting[fav-food-92f4b]: found 17 files in build 
[debug] [2023-03-02T12:02:01.995Z] [hosting] uploading with 200 concurrency
[debug] [2023-03-02T12:02:01.996Z] [hosting] hash cache [YnVpbGQ] not populated
[debug] [2023-03-02T12:02:02.687Z] [hosting] hash cache [YnVpbGQ] stored for 17 files
[debug] [2023-03-02T12:02:02.688Z] [hosting][hash queue][FINAL] {"max":685,"min":40,"avg":158.1764705882353,"active":0,"complete":17,"success":17,"errored":0,"retried":0,"total":17,"elapsed":691}
[debug] [2023-03-02T12:02:02.688Z] >>> [apiv2][query] POST https://firebasehosting.googleapis.com/v1beta1/projects/155465767569/sites/fav-food-92f4b/versions/7296f06dd5c8df61:populateFiles [none]
[debug] [2023-03-02T12:02:02.688Z] >>> [apiv2][body] POST https://firebasehosting.googleapis.com/v1beta1/projects/155465767569/sites/fav-food-92f4b/versions/7296f06dd5c8df61:populateFiles {"files":{"/asset-manifest.json":"8fa1fa9cc53d4288cadeb76cddb10a234512967bc8381c786196364197a1aac2","/index.html":"b3918f267db6d57c699c3bb55e454b4d2888a240dc1bffcac06f9a57e5e116f9","/logo192.png":"caff018b7f1e8fd481eb1c50d75b0ef236bcd5078b1d15c8bb348453fee30293","/manifest.json":"341d52628782f8ac9290bbfc43298afccb47b7cbfcee146ae30cf0f46bc30900","/static/css/main.f9e38e5a.css":"cd11507ec15fe6548ccb2415ec1279dd1d4e7eedd6cb15613aed81bbd79586e0","/static/css/main.f9e38e5a.css.map":"05b3e65bcaaa4bce64d191146ad3aec11568a9b78aed2ab393c2246e0df08f2e","/logo512.png":"191fc21360b4ccfb1cda11a1efb97f489ed22672ca83f4064316802bbfdd750e","/robots.txt":"391d14b3c2f8c9143a27a28c7399585142228d4d1bdbe2c87ac946de411fa9a2","/static/js/main.08459cf5.js.LICENSE.txt":"2e0317bf47c29fb7d0485a53b66ae8cb58c98d0cbaf239efac64dd310dfdabda","/favicon.ico":"b72f7455f00e4e58792d2bca892abb068e2213838c0316d6b7a0d6d16acd1955","/static/js/main.08459cf5.js":"12ef4ea03c5257a123ba3d9a9faab1d5026636a9c8210b873a8bdd1f653d5310","/static/media/food1.d2ced6d4f0527273f093.jpg":"8ee78caf98dde3e6fbc2069513229c15981e5209e54132e2e08fdc4d8c98841c","/static/media/food2.441f7830dfdf6a0ebb1b.jpg":"a8b83e7bd84472a30a0d41370587c54d4d78392b5abaf3a6456dd4df714f6624","/static/media/Hero2.f8ce8e107792539b912f.jpg":"1e50cf7a05230e0340c625e7dd01d02e7765442183c718644f84efc3ec6c1121","/static/media/dessert.d56377f6a6a906dd0fe0.jpg":"50c5adc7fae23332282b02fe3e20b282083db733630532097ff63b7efe4e39ce","/static/media/food3.8e4a4f30430045cb4ca2.jpg":"73283b8b5be12347d498c69f1efc636a7836abf9c2d26c28eb35e84c83b1997e","/static/js/main.08459cf5.js.map":"b3ec1255d55d4011667f642178510410ffefe1d9f8821fb5cc1666a4a4130771"}}
[debug] [2023-03-02T12:02:04.137Z] <<< [apiv2][status] POST https://firebasehosting.googleapis.com/v1beta1/projects/155465767569/sites/fav-food-92f4b/versions/7296f06dd5c8df61:populateFiles 200
[debug] [2023-03-02T12:02:04.137Z] <<< [apiv2][body] POST https://firebasehosting.googleapis.com/v1beta1/projects/155465767569/sites/fav-food-92f4b/versions/7296f06dd5c8df61:populateFiles {"uploadRequiredHashes":["73283b8b5be12347d498c69f1efc636a7836abf9c2d26c28eb35e84c83b1997e","2e0317bf47c29fb7d0485a53b66ae8cb58c98d0cbaf239efac64dd310dfdabda","a8b83e7bd84472a30a0d41370587c54d4d78392b5abaf3a6456dd4df714f6624","05b3e65bcaaa4bce64d191146ad3aec11568a9b78aed2ab393c2246e0df08f2e","12ef4ea03c5257a123ba3d9a9faab1d5026636a9c8210b873a8bdd1f653d5310","8ee78caf98dde3e6fbc2069513229c15981e5209e54132e2e08fdc4d8c98841c","50c5adc7fae23332282b02fe3e20b282083db733630532097ff63b7efe4e39ce","b3918f267db6d57c699c3bb55e454b4d2888a240dc1bffcac06f9a57e5e116f9","cd11507ec15fe6548ccb2415ec1279dd1d4e7eedd6cb15613aed81bbd79586e0","1e50cf7a05230e0340c625e7dd01d02e7765442183c718644f84efc3ec6c1121","8fa1fa9cc53d4288cadeb76cddb10a234512967bc8381c786196364197a1aac2","b3ec1255d55d4011667f642178510410ffefe1d9f8821fb5cc1666a4a4130771"],"uploadUrl":"https://upload-firebasehosting.googleapis.com/upload/sites/fav-food-92f4b/versions/7296f06dd5c8df61/files"}
[debug] [2023-03-02T12:02:04.139Z] >>> [apiv2][query] POST https://upload-firebasehosting.googleapis.com/upload/sites/fav-food-92f4b/versions/7296f06dd5c8df61/files/73283b8b5be12347d498c69f1efc636a7836abf9c2d26c28eb35e84c83b1997e [none]
[debug] [2023-03-02T12:02:04.140Z] >>> [apiv2][body] POST https://upload-firebasehosting.googleapis.com/upload/sites/fav-food-92f4b/versions/7296f06dd5c8df61/files/73283b8b5be12347d498c69f1efc636a7836abf9c2d26c28eb35e84c83b1997e [stream]
[debug] [2023-03-02T12:02:04.141Z] >>> [apiv2][query] POST https://upload-firebasehosting.googleapis.com/upload/sites/fav-food-92f4b/versions/7296f06dd5c8df61/files/2e0317bf47c29fb7d0485a53b66ae8cb58c98d0cbaf239efac64dd310dfdabda [none]
[debug] [2023-03-02T12:02:04.142Z] >>> [apiv2][body] POST https://upload-firebasehosting.googleapis.com/upload/sites/fav-food-92f4b/versions/7296f06dd5c8df61/files/2e0317bf47c29fb7d0485a53b66ae8cb58c98d0cbaf239efac64dd310dfdabda [stream]
[debug] [2023-03-02T12:02:04.143Z] >>> [apiv2][query] POST https://upload-firebasehosting.googleapis.com/upload/sites/fav-food-92f4b/versions/7296f06dd5c8df61/files/a8b83e7bd84472a30a0d41370587c54d4d78392b5abaf3a6456dd4df714f6624 [none]
[debug] [2023-03-02T12:02:04.144Z] >>> [apiv2][body] POST https://upload-firebasehosting.googleapis.com/upload/sites/fav-food-92f4b/versions/7296f06dd5c8df61/files/a8b83e7bd84472a30a0d41370587c54d4d78392b5abaf3a6456dd4df714f6624 [stream]
[debug] [2023-03-02T12:02:04.145Z] >>> [apiv2][query] POST https://upload-firebasehosting.googleapis.com/upload/sites/fav-food-92f4b/versions/7296f06dd5c8df61/files/05b3e65bcaaa4bce64d191146ad3aec11568a9b78aed2ab393c2246e0df08f2e [none]
[debug] [2023-03-02T12:02:04.145Z] >>> [apiv2][body] POST https://upload-firebasehosting.googleapis.com/upload/sites/fav-food-92f4b/versions/7296f06dd5c8df61/files/05b3e65bcaaa4bce64d191146ad3aec11568a9b78aed2ab393c2246e0df08f2e [stream]
[debug] [2023-03-02T12:02:04.146Z] >>> [apiv2][query] POST https://upload-firebasehosting.googleapis.com/upload/sites/fav-food-92f4b/versions/7296f06dd5c8df61/files/12ef4ea03c5257a123ba3d9a9faab1d5026636a9c8210b873a8bdd1f653d5310 [none]
[debug] [2023-03-02T12:02:04.146Z] >>> [apiv2][body] POST https://upload-firebasehosting.googleapis.com/upload/sites/fav-food-92f4b/versions/7296f06dd5c8df61/files/12ef4ea03c5257a123ba3d9a9faab1d5026636a9c8210b873a8bdd1f653d5310 [stream]
[debug] [2023-03-02T12:02:04.148Z] >>> [apiv2][query] POST https://upload-firebasehosting.googleapis.com/upload/sites/fav-food-92f4b/versions/7296f06dd5c8df61/files/8ee78caf98dde3e6fbc2069513229c15981e5209e54132e2e08fdc4d8c98841c [none]
[debug] [2023-03-02T12:02:04.148Z] >>> [apiv2][body] POST https://upload-firebasehosting.googleapis.com/upload/sites/fav-food-92f4b/versions/7296f06dd5c8df61/files/8ee78caf98dde3e6fbc2069513229c15981e5209e54132e2e08fdc4d8c98841c [stream]
[debug] [2023-03-02T12:02:04.149Z] >>> [apiv2][query] POST https://upload-firebasehosting.googleapis.com/upload/sites/fav-food-92f4b/versions/7296f06dd5c8df61/files/50c5adc7fae23332282b02fe3e20b282083db733630532097ff63b7efe4e39ce [none]
[debug] [2023-03-02T12:02:04.149Z] >>> [apiv2][body] POST https://upload-firebasehosting.googleapis.com/upload/sites/fav-food-92f4b/versions/7296f06dd5c8df61/files/50c5adc7fae23332282b02fe3e20b282083db733630532097ff63b7efe4e39ce [stream]
[debug] [2023-03-02T12:02:04.151Z] >>> [apiv2][query] POST https://upload-firebasehosting.googleapis.com/upload/sites/fav-food-92f4b/versions/7296f06dd5c8df61/files/b3918f267db6d57c699c3bb55e454b4d2888a240dc1bffcac06f9a57e5e116f9 [none]
[debug] [2023-03-02T12:02:04.151Z] >>> [apiv2][body] POST https://upload-firebasehosting.googleapis.com/upload/sites/fav-food-92f4b/versions/7296f06dd5c8df61/files/b3918f267db6d57c699c3bb55e454b4d2888a240dc1bffcac06f9a57e5e116f9 [stream]
[debug] [2023-03-02T12:02:04.152Z] >>> [apiv2][query] POST https://upload-firebasehosting.googleapis.com/upload/sites/fav-food-92f4b/versions/7296f06dd5c8df61/files/cd11507ec15fe6548ccb2415ec1279dd1d4e7eedd6cb15613aed81bbd79586e0 [none]
[debug] [2023-03-02T12:02:04.152Z] >>> [apiv2][body] POST https://upload-firebasehosting.googleapis.com/upload/sites/fav-food-92f4b/versions/7296f06dd5c8df61/files/cd11507ec15fe6548ccb2415ec1279dd1d4e7eedd6cb15613aed81bbd79586e0 [stream]
[debug] [2023-03-02T12:02:04.154Z] >>> [apiv2][query] POST https://upload-firebasehosting.googleapis.com/upload/sites/fav-food-92f4b/versions/7296f06dd5c8df61/files/1e50cf7a05230e0340c625e7dd01d02e7765442183c718644f84efc3ec6c1121 [none]
[debug] [2023-03-02T12:02:04.154Z] >>> [apiv2][body] POST https://upload-firebasehosting.googleapis.com/upload/sites/fav-food-92f4b/versions/7296f06dd5c8df61/files/1e50cf7a05230e0340c625e7dd01d02e7765442183c718644f84efc3ec6c1121 [stream]
[debug] [2023-03-02T12:02:04.156Z] >>> [apiv2][query] POST https://upload-firebasehosting.googleapis.com/upload/sites/fav-food-92f4b/versions/7296f06dd5c8df61/files/8fa1fa9cc53d4288cadeb76cddb10a234512967bc8381c786196364197a1aac2 [none]
[debug] [2023-03-02T12:02:04.156Z] >>> [apiv2][body] POST https://upload-firebasehosting.googleapis.com/upload/sites/fav-food-92f4b/versions/7296f06dd5c8df61/files/8fa1fa9cc53d4288cadeb76cddb10a234512967bc8381c786196364197a1aac2 [stream]
[debug] [2023-03-02T12:02:04.157Z] >>> [apiv2][query] POST https://upload-firebasehosting.googleapis.com/upload/sites/fav-food-92f4b/versions/7296f06dd5c8df61/files/b3ec1255d55d4011667f642178510410ffefe1d9f8821fb5cc1666a4a4130771 [none]
[debug] [2023-03-02T12:02:04.157Z] >>> [apiv2][body] POST https://upload-firebasehosting.googleapis.com/upload/sites/fav-food-92f4b/versions/7296f06dd5c8df61/files/b3ec1255d55d4011667f642178510410ffefe1d9f8821fb5cc1666a4a4130771 [stream]
[debug] [2023-03-02T12:02:04.158Z] [hosting][populate queue][FINAL] {"max":1453,"min":1453,"avg":1453,"active":0,"complete":1,"success":1,"errored":0,"retried":0,"total":1,"elapsed":1472}
[debug] [2023-03-02T12:02:04.158Z] [hosting] uploads queued: 12
[debug] [2023-03-02T12:02:06.166Z] <<< [apiv2][status] POST https://upload-firebasehosting.googleapis.com/upload/sites/fav-food-92f4b/versions/7296f06dd5c8df61/files/cd11507ec15fe6548ccb2415ec1279dd1d4e7eedd6cb15613aed81bbd79586e0 200
[debug] [2023-03-02T12:02:06.166Z] <<< [apiv2][body] POST https://upload-firebasehosting.googleapis.com/upload/sites/fav-food-92f4b/versions/7296f06dd5c8df61/files/cd11507ec15fe6548ccb2415ec1279dd1d4e7eedd6cb15613aed81bbd79586e0 [stream]
[debug] [2023-03-02T12:02:06.394Z] <<< [apiv2][status] POST https://upload-firebasehosting.googleapis.com/upload/sites/fav-food-92f4b/versions/7296f06dd5c8df61/files/2e0317bf47c29fb7d0485a53b66ae8cb58c98d0cbaf239efac64dd310dfdabda 200
[debug] [2023-03-02T12:02:06.395Z] <<< [apiv2][body] POST https://upload-firebasehosting.googleapis.com/upload/sites/fav-food-92f4b/versions/7296f06dd5c8df61/files/2e0317bf47c29fb7d0485a53b66ae8cb58c98d0cbaf239efac64dd310dfdabda [stream]
[debug] [2023-03-02T12:02:07.065Z] <<< [apiv2][status] POST https://upload-firebasehosting.googleapis.com/upload/sites/fav-food-92f4b/versions/7296f06dd5c8df61/files/05b3e65bcaaa4bce64d191146ad3aec11568a9b78aed2ab393c2246e0df08f2e 200
[debug] [2023-03-02T12:02:07.065Z] <<< [apiv2][body] POST https://upload-firebasehosting.googleapis.com/upload/sites/fav-food-92f4b/versions/7296f06dd5c8df61/files/05b3e65bcaaa4bce64d191146ad3aec11568a9b78aed2ab393c2246e0df08f2e [stream]
[debug] [2023-03-02T12:02:07.774Z] <<< [apiv2][status] POST https://upload-firebasehosting.googleapis.com/upload/sites/fav-food-92f4b/versions/7296f06dd5c8df61/files/b3918f267db6d57c699c3bb55e454b4d2888a240dc1bffcac06f9a57e5e116f9 200
[debug] [2023-03-02T12:02:07.774Z] <<< [apiv2][body] POST https://upload-firebasehosting.googleapis.com/upload/sites/fav-food-92f4b/versions/7296f06dd5c8df61/files/b3918f267db6d57c699c3bb55e454b4d2888a240dc1bffcac06f9a57e5e116f9 [stream]
[debug] [2023-03-02T12:02:07.854Z] <<< [apiv2][status] POST https://upload-firebasehosting.googleapis.com/upload/sites/fav-food-92f4b/versions/7296f06dd5c8df61/files/8fa1fa9cc53d4288cadeb76cddb10a234512967bc8381c786196364197a1aac2 200
[debug] [2023-03-02T12:02:07.854Z] <<< [apiv2][body] POST https://upload-firebasehosting.googleapis.com/upload/sites/fav-food-92f4b/versions/7296f06dd5c8df61/files/8fa1fa9cc53d4288cadeb76cddb10a234512967bc8381c786196364197a1aac2 [stream]
[debug] [2023-03-02T12:02:23.246Z] <<< [apiv2][status] POST https://upload-firebasehosting.googleapis.com/upload/sites/fav-food-92f4b/versions/7296f06dd5c8df61/files/12ef4ea03c5257a123ba3d9a9faab1d5026636a9c8210b873a8bdd1f653d5310 200
[debug] [2023-03-02T12:02:23.246Z] <<< [apiv2][body] POST https://upload-firebasehosting.googleapis.com/upload/sites/fav-food-92f4b/versions/7296f06dd5c8df61/files/12ef4ea03c5257a123ba3d9a9faab1d5026636a9c8210b873a8bdd1f653d5310 [stream]
[debug] [2023-03-02T12:02:34.542Z] [uploadQueue] Retrying task 8ee78caf98dde3e6fbc2069513229c15981e5209e54132e2e08fdc4d8c98841c
[debug] [2023-03-02T12:02:34.543Z] >>> [apiv2][query] POST https://upload-firebasehosting.googleapis.com/upload/sites/fav-food-92f4b/versions/7296f06dd5c8df61/files/8ee78caf98dde3e6fbc2069513229c15981e5209e54132e2e08fdc4d8c98841c [none]
[debug] [2023-03-02T12:02:34.543Z] >>> [apiv2][body] POST https://upload-firebasehosting.googleapis.com/upload/sites/fav-food-92f4b/versions/7296f06dd5c8df61/files/8ee78caf98dde3e6fbc2069513229c15981e5209e54132e2e08fdc4d8c98841c [stream]
[debug] [2023-03-02T12:02:43.960Z] [uploadQueue] Retrying task 1e50cf7a05230e0340c625e7dd01d02e7765442183c718644f84efc3ec6c1121
[debug] [2023-03-02T12:02:43.961Z] >>> [apiv2][query] POST https://upload-firebasehosting.googleapis.com/upload/sites/fav-food-92f4b/versions/7296f06dd5c8df61/files/1e50cf7a05230e0340c625e7dd01d02e7765442183c718644f84efc3ec6c1121 [none]
[debug] [2023-03-02T12:02:43.961Z] >>> [apiv2][body] POST https://upload-firebasehosting.googleapis.com/upload/sites/fav-food-92f4b/versions/7296f06dd5c8df61/files/1e50cf7a05230e0340c625e7dd01d02e7765442183c718644f84efc3ec6c1121 [stream]
[debug] [2023-03-02T12:02:48.819Z] [uploadQueue] Retrying task a8b83e7bd84472a30a0d41370587c54d4d78392b5abaf3a6456dd4df714f6624
[debug] [2023-03-02T12:02:48.820Z] >>> [apiv2][query] POST https://upload-firebasehosting.googleapis.com/upload/sites/fav-food-92f4b/versions/7296f06dd5c8df61/files/a8b83e7bd84472a30a0d41370587c54d4d78392b5abaf3a6456dd4df714f6624 [none]
[debug] [2023-03-02T12:02:48.820Z] >>> [apiv2][body] POST https://upload-firebasehosting.googleapis.com/upload/sites/fav-food-92f4b/versions/7296f06dd5c8df61/files/a8b83e7bd84472a30a0d41370587c54d4d78392b5abaf3a6456dd4df714f6624 [stream]
[debug] [2023-03-02T12:03:05.345Z] [uploadQueue] Retrying task 8ee78caf98dde3e6fbc2069513229c15981e5209e54132e2e08fdc4d8c98841c
[debug] [2023-03-02T12:03:05.346Z] >>> [apiv2][query] POST https://upload-firebasehosting.googleapis.com/upload/sites/fav-food-92f4b/versions/7296f06dd5c8df61/files/8ee78caf98dde3e6fbc2069513229c15981e5209e54132e2e08fdc4d8c98841c [none]
[debug] [2023-03-02T12:03:05.346Z] >>> [apiv2][body] POST https://upload-firebasehosting.googleapis.com/upload/sites/fav-food-92f4b/versions/7296f06dd5c8df61/files/8ee78caf98dde3e6fbc2069513229c15981e5209e54132e2e08fdc4d8c98841c [stream]
[debug] [2023-03-02T12:03:07.101Z] [uploadQueue] Retrying task 50c5adc7fae23332282b02fe3e20b282083db733630532097ff63b7efe4e39ce
[debug] [2023-03-02T12:03:07.101Z] >>> [apiv2][query] POST https://upload-firebasehosting.googleapis.com/upload/sites/fav-food-92f4b/versions/7296f06dd5c8df61/files/50c5adc7fae23332282b02fe3e20b282083db733630532097ff63b7efe4e39ce [none]
[debug] [2023-03-02T12:03:07.101Z] >>> [apiv2][body] POST https://upload-firebasehosting.googleapis.com/upload/sites/fav-food-92f4b/versions/7296f06dd5c8df61/files/50c5adc7fae23332282b02fe3e20b282083db733630532097ff63b7efe4e39ce [stream]
[debug] [2023-03-02T12:03:21.060Z] [uploadQueue] Retrying task 73283b8b5be12347d498c69f1efc636a7836abf9c2d26c28eb35e84c83b1997e
[debug] [2023-03-02T12:03:21.061Z] >>> [apiv2][query] POST https://upload-firebasehosting.googleapis.com/upload/sites/fav-food-92f4b/versions/7296f06dd5c8df61/files/73283b8b5be12347d498c69f1efc636a7836abf9c2d26c28eb35e84c83b1997e [none]
[debug] [2023-03-02T12:03:21.061Z] >>> [apiv2][body] POST https://upload-firebasehosting.googleapis.com/upload/sites/fav-food-92f4b/versions/7296f06dd5c8df61/files/73283b8b5be12347d498c69f1efc636a7836abf9c2d26c28eb35e84c83b1997e [stream]
[debug] [2023-03-02T12:03:24.182Z] [uploadQueue] Retrying task 1e50cf7a05230e0340c625e7dd01d02e7765442183c718644f84efc3ec6c1121
[debug] [2023-03-02T12:03:24.182Z] >>> [apiv2][query] POST https://upload-firebasehosting.googleapis.com/upload/sites/fav-food-92f4b/versions/7296f06dd5c8df61/files/1e50cf7a05230e0340c625e7dd01d02e7765442183c718644f84efc3ec6c1121 [none]
[debug] [2023-03-02T12:03:24.182Z] >>> [apiv2][body] POST https://upload-firebasehosting.googleapis.com/upload/sites/fav-food-92f4b/versions/7296f06dd5c8df61/files/1e50cf7a05230e0340c625e7dd01d02e7765442183c718644f84efc3ec6c1121 [stream]
[debug] [2023-03-02T12:03:33.900Z] [uploadQueue] Retrying task a8b83e7bd84472a30a0d41370587c54d4d78392b5abaf3a6456dd4df714f6624
[debug] [2023-03-02T12:03:33.901Z] >>> [apiv2][query] POST https://upload-firebasehosting.googleapis.com/upload/sites/fav-food-92f4b/versions/7296f06dd5c8df61/files/a8b83e7bd84472a30a0d41370587c54d4d78392b5abaf3a6456dd4df714f6624 [none]
[debug] [2023-03-02T12:03:33.901Z] >>> [apiv2][body] POST https://upload-firebasehosting.googleapis.com/upload/sites/fav-food-92f4b/versions/7296f06dd5c8df61/files/a8b83e7bd84472a30a0d41370587c54d4d78392b5abaf3a6456dd4df714f6624 [stream]
[debug] [2023-03-02T12:03:36.949Z] [uploadQueue] Retrying task 8ee78caf98dde3e6fbc2069513229c15981e5209e54132e2e08fdc4d8c98841c
[debug] [2023-03-02T12:03:36.949Z] >>> [apiv2][query] POST https://upload-firebasehosting.googleapis.com/upload/sites/fav-food-92f4b/versions/7296f06dd5c8df61/files/8ee78caf98dde3e6fbc2069513229c15981e5209e54132e2e08fdc4d8c98841c [none]
[debug] [2023-03-02T12:03:36.949Z] >>> [apiv2][body] POST https://upload-firebasehosting.googleapis.com/upload/sites/fav-food-92f4b/versions/7296f06dd5c8df61/files/8ee78caf98dde3e6fbc2069513229c15981e5209e54132e2e08fdc4d8c98841c [stream]
[debug] [2023-03-02T12:04:05.203Z] [uploadQueue] Retrying task 1e50cf7a05230e0340c625e7dd01d02e7765442183c718644f84efc3ec6c1121
[debug] [2023-03-02T12:04:05.204Z] >>> [apiv2][query] POST https://upload-firebasehosting.googleapis.com/upload/sites/fav-food-92f4b/versions/7296f06dd5c8df61/files/1e50cf7a05230e0340c625e7dd01d02e7765442183c718644f84efc3ec6c1121 [none]
[debug] [2023-03-02T12:04:05.204Z] >>> [apiv2][body] POST https://upload-firebasehosting.googleapis.com/upload/sites/fav-food-92f4b/versions/7296f06dd5c8df61/files/1e50cf7a05230e0340c625e7dd01d02e7765442183c718644f84efc3ec6c1121 [stream]
[debug] [2023-03-02T12:04:10.151Z] [uploadQueue] Retrying task 8ee78caf98dde3e6fbc2069513229c15981e5209e54132e2e08fdc4d8c98841c
[debug] [2023-03-02T12:04:10.151Z] >>> [apiv2][query] POST https://upload-firebasehosting.googleapis.com/upload/sites/fav-food-92f4b/versions/7296f06dd5c8df61/files/8ee78caf98dde3e6fbc2069513229c15981e5209e54132e2e08fdc4d8c98841c [none]
[debug] [2023-03-02T12:04:10.151Z] >>> [apiv2][body] POST https://upload-firebasehosting.googleapis.com/upload/sites/fav-food-92f4b/versions/7296f06dd5c8df61/files/8ee78caf98dde3e6fbc2069513229c15981e5209e54132e2e08fdc4d8c98841c [stream]
[debug] [2023-03-02T12:04:10.464Z] [uploadQueue] Retrying task 50c5adc7fae23332282b02fe3e20b282083db733630532097ff63b7efe4e39ce
[debug] [2023-03-02T12:04:10.464Z] >>> [apiv2][query] POST https://upload-firebasehosting.googleapis.com/upload/sites/fav-food-92f4b/versions/7296f06dd5c8df61/files/50c5adc7fae23332282b02fe3e20b282083db733630532097ff63b7efe4e39ce [none]
[debug] [2023-03-02T12:04:10.465Z] >>> [apiv2][body] POST https://upload-firebasehosting.googleapis.com/upload/sites/fav-food-92f4b/versions/7296f06dd5c8df61/files/50c5adc7fae23332282b02fe3e20b282083db733630532097ff63b7efe4e39ce [stream]
[debug] [2023-03-02T12:04:19.780Z] [uploadQueue] Retrying task a8b83e7bd84472a30a0d41370587c54d4d78392b5abaf3a6456dd4df714f6624
[debug] [2023-03-02T12:04:19.782Z] >>> [apiv2][query] POST https://upload-firebasehosting.googleapis.com/upload/sites/fav-food-92f4b/versions/7296f06dd5c8df61/files/a8b83e7bd84472a30a0d41370587c54d4d78392b5abaf3a6456dd4df714f6624 [none]
[debug] [2023-03-02T12:04:19.782Z] >>> [apiv2][body] POST https://upload-firebasehosting.googleapis.com/upload/sites/fav-food-92f4b/versions/7296f06dd5c8df61/files/a8b83e7bd84472a30a0d41370587c54d4d78392b5abaf3a6456dd4df714f6624 [stream]
[debug] [2023-03-02T12:04:21.860Z] [uploadQueue] Retrying task b3ec1255d55d4011667f642178510410ffefe1d9f8821fb5cc1666a4a4130771
[debug] [2023-03-02T12:04:21.861Z] >>> [apiv2][query] POST https://upload-firebasehosting.googleapis.com/upload/sites/fav-food-92f4b/versions/7296f06dd5c8df61/files/b3ec1255d55d4011667f642178510410ffefe1d9f8821fb5cc1666a4a4130771 [none]
[debug] [2023-03-02T12:04:21.861Z] >>> [apiv2][body] POST https://upload-firebasehosting.googleapis.com/upload/sites/fav-food-92f4b/versions/7296f06dd5c8df61/files/b3ec1255d55d4011667f642178510410ffefe1d9f8821fb5cc1666a4a4130771 [stream]
[debug] [2023-03-02T12:04:38.383Z] [uploadQueue] Retrying task 73283b8b5be12347d498c69f1efc636a7836abf9c2d26c28eb35e84c83b1997e
[debug] [2023-03-02T12:04:38.384Z] >>> [apiv2][query] POST https://upload-firebasehosting.googleapis.com/upload/sites/fav-food-92f4b/versions/7296f06dd5c8df61/files/73283b8b5be12347d498c69f1efc636a7836abf9c2d26c28eb35e84c83b1997e [none]
[debug] [2023-03-02T12:04:38.384Z] >>> [apiv2][body] POST https://upload-firebasehosting.googleapis.com/upload/sites/fav-food-92f4b/versions/7296f06dd5c8df61/files/73283b8b5be12347d498c69f1efc636a7836abf9c2d26c28eb35e84c83b1997e [stream]
[debug] [2023-03-02T12:04:46.552Z] [uploadQueue] Retrying task 8ee78caf98dde3e6fbc2069513229c15981e5209e54132e2e08fdc4d8c98841c
[debug] [2023-03-02T12:04:46.553Z] >>> [apiv2][query] POST https://upload-firebasehosting.googleapis.com/upload/sites/fav-food-92f4b/versions/7296f06dd5c8df61/files/8ee78caf98dde3e6fbc2069513229c15981e5209e54132e2e08fdc4d8c98841c [none]
[debug] [2023-03-02T12:04:46.553Z] >>> [apiv2][body] POST https://upload-firebasehosting.googleapis.com/upload/sites/fav-food-92f4b/versions/7296f06dd5c8df61/files/8ee78caf98dde3e6fbc2069513229c15981e5209e54132e2e08fdc4d8c98841c [stream]
[debug] [2023-03-02T12:04:47.825Z] [uploadQueue] Retrying task 1e50cf7a05230e0340c625e7dd01d02e7765442183c718644f84efc3ec6c1121
[debug] [2023-03-02T12:04:47.826Z] >>> [apiv2][query] POST https://upload-firebasehosting.googleapis.com/upload/sites/fav-food-92f4b/versions/7296f06dd5c8df61/files/1e50cf7a05230e0340c625e7dd01d02e7765442183c718644f84efc3ec6c1121 [none]
[debug] [2023-03-02T12:04:47.826Z] >>> [apiv2][body] POST https://upload-firebasehosting.googleapis.com/upload/sites/fav-food-92f4b/versions/7296f06dd5c8df61/files/1e50cf7a05230e0340c625e7dd01d02e7765442183c718644f84efc3ec6c1121 [stream]
[debug] [2023-03-02T12:05:07.264Z] [uploadQueue] Retrying task a8b83e7bd84472a30a0d41370587c54d4d78392b5abaf3a6456dd4df714f6624
[debug] [2023-03-02T12:05:07.265Z] >>> [apiv2][query] POST https://upload-firebasehosting.googleapis.com/upload/sites/fav-food-92f4b/versions/7296f06dd5c8df61/files/a8b83e7bd84472a30a0d41370587c54d4d78392b5abaf3a6456dd4df714f6624 [none]
[debug] [2023-03-02T12:05:07.265Z] >>> [apiv2][body] POST https://upload-firebasehosting.googleapis.com/upload/sites/fav-food-92f4b/versions/7296f06dd5c8df61/files/a8b83e7bd84472a30a0d41370587c54d4d78392b5abaf3a6456dd4df714f6624 [stream]
[debug] [2023-03-02T12:05:14.627Z] [uploadQueue] Retrying task 50c5adc7fae23332282b02fe3e20b282083db733630532097ff63b7efe4e39ce
[debug] [2023-03-02T12:05:14.627Z] >>> [apiv2][query] POST https://upload-firebasehosting.googleapis.com/upload/sites/fav-food-92f4b/versions/7296f06dd5c8df61/files/50c5adc7fae23332282b02fe3e20b282083db733630532097ff63b7efe4e39ce [none]
[debug] [2023-03-02T12:05:14.628Z] >>> [apiv2][body] POST https://upload-firebasehosting.googleapis.com/upload/sites/fav-food-92f4b/versions/7296f06dd5c8df61/files/50c5adc7fae23332282b02fe3e20b282083db733630532097ff63b7efe4e39ce [stream]
[debug] Task 8ee78caf98dde3e6fbc2069513229c15981e5209e54132e2e08fdc4d8c98841c failed: retries exhausted after 6 attempts, with error: Timeout reached making request to https://upload-firebasehosting.googleapis.com/upload/sites/fav-food-92f4b/versions/7296f06dd5c8df61/files/8ee78caf98dde3e6fbc2069513229c15981e5209e54132e2e08fdc4d8c98841c
[debug] [2023-03-02T12:05:16.553Z] [hosting][upload queue][FINAL] {"max":19108,"min":2027,"avg":5611.5,"active":5,"complete":7,"success":6,"errored":1,"retried":19,"total":12,"elapsed":192416}
[debug] [2023-03-02T12:05:21.566Z] Error: Timed out.
    at Timeout._onTimeout (/usr/local/lib/node_modules/firebase-tools/lib/utils.js:253:49)
    at listOnTimeout (node:internal/timers:564:17)
    at process.processTimers (node:internal/timers:507:7)
[error] 
[error] Error: An unexpected error has occurred.
[debug] [2023-03-02T12:06:07.532Z] ----------------------------------------------------------------------
[debug] [2023-03-02T12:06:07.534Z] Command:       /usr/local/bin/node /usr/local/bin/firebase deploy
[debug] [2023-03-02T12:06:07.535Z] CLI Version:   11.24.0
[debug] [2023-03-02T12:06:07.535Z] Platform:      darwin
[debug] [2023-03-02T12:06:07.535Z] Node Version:  v18.13.0
[debug] [2023-03-02T12:06:07.536Z] Time:          Thu Mar 02 2023 14:06:07 GMT+0200 (Eastern European Standard Time)
[debug] [2023-03-02T12:06:07.537Z] ----------------------------------------------------------------------
[debug] 
[debug] [2023-03-02T12:06:07.630Z] > command requires scopes: ["email","openid","https://www.googleapis.com/auth/cloudplatformprojects.readonly","https://www.googleapis.com/auth/firebase","https://www.googleapis.com/auth/cloud-platform"]
[debug] [2023-03-02T12:06:07.631Z] > authorizing via signed-in user (abdallahmohamedien@gmail.com)
[debug] [2023-03-02T12:06:07.631Z] [iam] checking project fav-food-92f4b for permissions ["firebase.projects.get","firebasehosting.sites.update"]
[debug] [2023-03-02T12:06:07.634Z] >>> [apiv2][query] POST https://cloudresourcemanager.googleapis.com/v1/projects/fav-food-92f4b:testIamPermissions [none]
[debug] [2023-03-02T12:06:07.635Z] >>> [apiv2][(partial)header] POST https://cloudresourcemanager.googleapis.com/v1/projects/fav-food-92f4b:testIamPermissions x-goog-quota-user=projects/fav-food-92f4b
[debug] [2023-03-02T12:06:07.635Z] >>> [apiv2][body] POST https://cloudresourcemanager.googleapis.com/v1/projects/fav-food-92f4b:testIamPermissions {"permissions":["firebase.projects.get","firebasehosting.sites.update"]}
[debug] [2023-03-02T12:06:11.853Z] <<< [apiv2][status] POST https://cloudresourcemanager.googleapis.com/v1/projects/fav-food-92f4b:testIamPermissions 200
[debug] [2023-03-02T12:06:11.854Z] <<< [apiv2][body] POST https://cloudresourcemanager.googleapis.com/v1/projects/fav-food-92f4b:testIamPermissions {"permissions":["firebase.projects.get","firebasehosting.sites.update"]}
[debug] [2023-03-02T12:06:11.855Z] >>> [apiv2][query] GET https://firebase.googleapis.com/v1beta1/projects/fav-food-92f4b [none]
[debug] [2023-03-02T12:06:19.052Z] <<< [apiv2][status] GET https://firebase.googleapis.com/v1beta1/projects/fav-food-92f4b 200
[debug] [2023-03-02T12:06:19.052Z] <<< [apiv2][body] GET https://firebase.googleapis.com/v1beta1/projects/fav-food-92f4b {"projectId":"fav-food-92f4b","projectNumber":"155465767569","displayName":"fav-food","name":"projects/fav-food-92f4b","resources":{"hostingSite":"fav-food-92f4b"},"state":"ACTIVE","etag":"1_5d7569a7-4452-4732-a8bd-fa16b7a80247"}
[info] 
[info] === Deploying to 'fav-food-92f4b'...
[info] 
[info] i  deploying hosting 
[debug] [2023-03-02T12:06:19.059Z] >>> [apiv2][query] POST https://firebasehosting.googleapis.com/v1beta1/projects/-/sites/fav-food-92f4b/versions [none]
[debug] [2023-03-02T12:06:19.059Z] >>> [apiv2][body] POST https://firebasehosting.googleapis.com/v1beta1/projects/-/sites/fav-food-92f4b/versions {"status":"CREATED","labels":{"deployment-tool":"cli-firebase"}}
[debug] [2023-03-02T12:06:24.265Z] <<< [apiv2][status] POST https://firebasehosting.googleapis.com/v1beta1/projects/-/sites/fav-food-92f4b/versions 200
[debug] [2023-03-02T12:06:24.265Z] <<< [apiv2][body] POST https://firebasehosting.googleapis.com/v1beta1/projects/-/sites/fav-food-92f4b/versions {"name":"projects/155465767569/sites/fav-food-92f4b/versions/2fa184bb475703dd","status":"CREATED","config":{},"labels":{"deployment-tool":"cli-firebase"}}
[info] i  hosting[fav-food-92f4b]: beginning deploy... 
[info] i  hosting[fav-food-92f4b]: found 17 files in build 
[debug] [2023-03-02T12:06:24.281Z] [hosting] uploading with 200 concurrency
[debug] [2023-03-02T12:06:24.288Z] [hosting] hash cache [YnVpbGQ] stored for 17 files
[debug] [2023-03-02T12:06:24.288Z] [hosting][hash queue][FINAL] {"max":1,"min":0,"avg":0,"active":0,"complete":17,"success":17,"errored":0,"retried":0,"total":17,"elapsed":4}
[debug] [2023-03-02T12:06:24.289Z] >>> [apiv2][query] POST https://firebasehosting.googleapis.com/v1beta1/projects/155465767569/sites/fav-food-92f4b/versions/2fa184bb475703dd:populateFiles [none]
[debug] [2023-03-02T12:06:24.289Z] >>> [apiv2][body] POST https://firebasehosting.googleapis.com/v1beta1/projects/155465767569/sites/fav-food-92f4b/versions/2fa184bb475703dd:populateFiles {"files":{"/asset-manifest.json":"8fa1fa9cc53d4288cadeb76cddb10a234512967bc8381c786196364197a1aac2","/favicon.ico":"b72f7455f00e4e58792d2bca892abb068e2213838c0316d6b7a0d6d16acd1955","/index.html":"b3918f267db6d57c699c3bb55e454b4d2888a240dc1bffcac06f9a57e5e116f9","/logo192.png":"caff018b7f1e8fd481eb1c50d75b0ef236bcd5078b1d15c8bb348453fee30293","/logo512.png":"191fc21360b4ccfb1cda11a1efb97f489ed22672ca83f4064316802bbfdd750e","/manifest.json":"341d52628782f8ac9290bbfc43298afccb47b7cbfcee146ae30cf0f46bc30900","/robots.txt":"391d14b3c2f8c9143a27a28c7399585142228d4d1bdbe2c87ac946de411fa9a2","/static/css/main.f9e38e5a.css":"cd11507ec15fe6548ccb2415ec1279dd1d4e7eedd6cb15613aed81bbd79586e0","/static/css/main.f9e38e5a.css.map":"05b3e65bcaaa4bce64d191146ad3aec11568a9b78aed2ab393c2246e0df08f2e","/static/js/main.08459cf5.js":"12ef4ea03c5257a123ba3d9a9faab1d5026636a9c8210b873a8bdd1f653d5310","/static/js/main.08459cf5.js.LICENSE.txt":"2e0317bf47c29fb7d0485a53b66ae8cb58c98d0cbaf239efac64dd310dfdabda","/static/js/main.08459cf5.js.map":"b3ec1255d55d4011667f642178510410ffefe1d9f8821fb5cc1666a4a4130771","/static/media/Hero2.f8ce8e107792539b912f.jpg":"1e50cf7a05230e0340c625e7dd01d02e7765442183c718644f84efc3ec6c1121","/static/media/dessert.d56377f6a6a906dd0fe0.jpg":"50c5adc7fae23332282b02fe3e20b282083db733630532097ff63b7efe4e39ce","/static/media/food1.d2ced6d4f0527273f093.jpg":"8ee78caf98dde3e6fbc2069513229c15981e5209e54132e2e08fdc4d8c98841c","/static/media/food2.441f7830dfdf6a0ebb1b.jpg":"a8b83e7bd84472a30a0d41370587c54d4d78392b5abaf3a6456dd4df714f6624","/static/media/food3.8e4a4f30430045cb4ca2.jpg":"73283b8b5be12347d498c69f1efc636a7836abf9c2d26c28eb35e84c83b1997e"}}
[debug] [2023-03-02T12:06:29.265Z] <<< [apiv2][status] POST https://firebasehosting.googleapis.com/v1beta1/projects/155465767569/sites/fav-food-92f4b/versions/2fa184bb475703dd:populateFiles 200
[debug] [2023-03-02T12:06:29.265Z] <<< [apiv2][body] POST https://firebasehosting.googleapis.com/v1beta1/projects/155465767569/sites/fav-food-92f4b/versions/2fa184bb475703dd:populateFiles {"uploadRequiredHashes":["50c5adc7fae23332282b02fe3e20b282083db733630532097ff63b7efe4e39ce","a8b83e7bd84472a30a0d41370587c54d4d78392b5abaf3a6456dd4df714f6624","73283b8b5be12347d498c69f1efc636a7836abf9c2d26c28eb35e84c83b1997e","1e50cf7a05230e0340c625e7dd01d02e7765442183c718644f84efc3ec6c1121"],"uploadUrl":"https://upload-firebasehosting.googleapis.com/upload/sites/fav-food-92f4b/versions/2fa184bb475703dd/files"}
[debug] [2023-03-02T12:06:29.267Z] >>> [apiv2][query] POST https://upload-firebasehosting.googleapis.com/upload/sites/fav-food-92f4b/versions/2fa184bb475703dd/files/50c5adc7fae23332282b02fe3e20b282083db733630532097ff63b7efe4e39ce [none]
[debug] [2023-03-02T12:06:29.267Z] >>> [apiv2][body] POST https://upload-firebasehosting.googleapis.com/upload/sites/fav-food-92f4b/versions/2fa184bb475703dd/files/50c5adc7fae23332282b02fe3e20b282083db733630532097ff63b7efe4e39ce [stream]
[debug] [2023-03-02T12:06:29.269Z] >>> [apiv2][query] POST https://upload-firebasehosting.googleapis.com/upload/sites/fav-food-92f4b/versions/2fa184bb475703dd/files/a8b83e7bd84472a30a0d41370587c54d4d78392b5abaf3a6456dd4df714f6624 [none]
[debug] [2023-03-02T12:06:29.269Z] >>> [apiv2][body] POST https://upload-firebasehosting.googleapis.com/upload/sites/fav-food-92f4b/versions/2fa184bb475703dd/files/a8b83e7bd84472a30a0d41370587c54d4d78392b5abaf3a6456dd4df714f6624 [stream]
[debug] [2023-03-02T12:06:29.270Z] >>> [apiv2][query] POST https://upload-firebasehosting.googleapis.com/upload/sites/fav-food-92f4b/versions/2fa184bb475703dd/files/73283b8b5be12347d498c69f1efc636a7836abf9c2d26c28eb35e84c83b1997e [none]
[debug] [2023-03-02T12:06:29.270Z] >>> [apiv2][body] POST https://upload-firebasehosting.googleapis.com/upload/sites/fav-food-92f4b/versions/2fa184bb475703dd/files/73283b8b5be12347d498c69f1efc636a7836abf9c2d26c28eb35e84c83b1997e [stream]
[debug] [2023-03-02T12:06:29.273Z] >>> [apiv2][query] POST https://upload-firebasehosting.googleapis.com/upload/sites/fav-food-92f4b/versions/2fa184bb475703dd/files/1e50cf7a05230e0340c625e7dd01d02e7765442183c718644f84efc3ec6c1121 [none]
[debug] [2023-03-02T12:06:29.273Z] >>> [apiv2][body] POST https://upload-firebasehosting.googleapis.com/upload/sites/fav-food-92f4b/versions/2fa184bb475703dd/files/1e50cf7a05230e0340c625e7dd01d02e7765442183c718644f84efc3ec6c1121 [stream]
[debug] [2023-03-02T12:06:29.276Z] [hosting][populate queue][FINAL] {"max":4981,"min":4981,"avg":4981,"active":0,"complete":1,"success":1,"errored":0,"retried":0,"total":1,"elapsed":4990}
[debug] [2023-03-02T12:06:29.276Z] [hosting] uploads queued: 4
[debug] [2023-03-02T12:07:09.090Z] [uploadQueue] Retrying task 1e50cf7a05230e0340c625e7dd01d02e7765442183c718644f84efc3ec6c1121
[debug] [2023-03-02T12:07:09.091Z] >>> [apiv2][query] POST https://upload-firebasehosting.googleapis.com/upload/sites/fav-food-92f4b/versions/2fa184bb475703dd/files/1e50cf7a05230e0340c625e7dd01d02e7765442183c718644f84efc3ec6c1121 [none]
[debug] [2023-03-02T12:07:09.091Z] >>> [apiv2][body] POST https://upload-firebasehosting.googleapis.com/upload/sites/fav-food-92f4b/versions/2fa184bb475703dd/files/1e50cf7a05230e0340c625e7dd01d02e7765442183c718644f84efc3ec6c1121 [stream]
[debug] [2023-03-02T12:07:13.947Z] [uploadQueue] Retrying task a8b83e7bd84472a30a0d41370587c54d4d78392b5abaf3a6456dd4df714f6624
[debug] [2023-03-02T12:07:13.948Z] >>> [apiv2][query] POST https://upload-firebasehosting.googleapis.com/upload/sites/fav-food-92f4b/versions/2fa184bb475703dd/files/a8b83e7bd84472a30a0d41370587c54d4d78392b5abaf3a6456dd4df714f6624 [none]
[debug] [2023-03-02T12:07:13.948Z] >>> [apiv2][body] POST https://upload-firebasehosting.googleapis.com/upload/sites/fav-food-92f4b/versions/2fa184bb475703dd/files/a8b83e7bd84472a30a0d41370587c54d4d78392b5abaf3a6456dd4df714f6624 [stream]
[debug] [2023-03-02T12:07:32.227Z] [uploadQueue] Retrying task 50c5adc7fae23332282b02fe3e20b282083db733630532097ff63b7efe4e39ce
[debug] [2023-03-02T12:07:32.229Z] >>> [apiv2][query] POST https://upload-firebasehosting.googleapis.com/upload/sites/fav-food-92f4b/versions/2fa184bb475703dd/files/50c5adc7fae23332282b02fe3e20b282083db733630532097ff63b7efe4e39ce [none]
[debug] [2023-03-02T12:07:32.229Z] >>> [apiv2][body] POST https://upload-firebasehosting.googleapis.com/upload/sites/fav-food-92f4b/versions/2fa184bb475703dd/files/50c5adc7fae23332282b02fe3e20b282083db733630532097ff63b7efe4e39ce [stream]
[debug] [2023-03-02T12:07:46.190Z] [uploadQueue] Retrying task 73283b8b5be12347d498c69f1efc636a7836abf9c2d26c28eb35e84c83b1997e
[debug] [2023-03-02T12:07:46.191Z] >>> [apiv2][query] POST https://upload-firebasehosting.googleapis.com/upload/sites/fav-food-92f4b/versions/2fa184bb475703dd/files/73283b8b5be12347d498c69f1efc636a7836abf9c2d26c28eb35e84c83b1997e [none]
[debug] [2023-03-02T12:07:46.191Z] >>> [apiv2][body] POST https://upload-firebasehosting.googleapis.com/upload/sites/fav-food-92f4b/versions/2fa184bb475703dd/files/73283b8b5be12347d498c69f1efc636a7836abf9c2d26c28eb35e84c83b1997e [stream]
[debug] [2023-03-02T12:07:49.313Z] [uploadQueue] Retrying task 1e50cf7a05230e0340c625e7dd01d02e7765442183c718644f84efc3ec6c1121
[debug] [2023-03-02T12:07:49.314Z] >>> [apiv2][query] POST https://upload-firebasehosting.googleapis.com/upload/sites/fav-food-92f4b/versions/2fa184bb475703dd/files/1e50cf7a05230e0340c625e7dd01d02e7765442183c718644f84efc3ec6c1121 [none]
[debug] [2023-03-02T12:07:49.314Z] >>> [apiv2][body] POST https://upload-firebasehosting.googleapis.com/upload/sites/fav-food-92f4b/versions/2fa184bb475703dd/files/1e50cf7a05230e0340c625e7dd01d02e7765442183c718644f84efc3ec6c1121 [stream]
[debug] [2023-03-02T12:07:59.030Z] [uploadQueue] Retrying task a8b83e7bd84472a30a0d41370587c54d4d78392b5abaf3a6456dd4df714f6624
[debug] [2023-03-02T12:07:59.031Z] >>> [apiv2][query] POST https://upload-firebasehosting.googleapis.com/upload/sites/fav-food-92f4b/versions/2fa184bb475703dd/files/a8b83e7bd84472a30a0d41370587c54d4d78392b5abaf3a6456dd4df714f6624 [none]
[debug] [2023-03-02T12:07:59.031Z] >>> [apiv2][body] POST https://upload-firebasehosting.googleapis.com/upload/sites/fav-food-92f4b/versions/2fa184bb475703dd/files/a8b83e7bd84472a30a0d41370587c54d4d78392b5abaf3a6456dd4df714f6624 [stream]
[debug] [2023-03-02T12:08:30.337Z] [uploadQueue] Retrying task 1e50cf7a05230e0340c625e7dd01d02e7765442183c718644f84efc3ec6c1121
[debug] [2023-03-02T12:08:30.338Z] >>> [apiv2][query] POST https://upload-firebasehosting.googleapis.com/upload/sites/fav-food-92f4b/versions/2fa184bb475703dd/files/1e50cf7a05230e0340c625e7dd01d02e7765442183c718644f84efc3ec6c1121 [none]
[debug] [2023-03-02T12:08:30.338Z] >>> [apiv2][body] POST https://upload-firebasehosting.googleapis.com/upload/sites/fav-food-92f4b/versions/2fa184bb475703dd/files/1e50cf7a05230e0340c625e7dd01d02e7765442183c718644f84efc3ec6c1121 [stream]
[debug] [2023-03-02T12:08:35.591Z] [uploadQueue] Retrying task 50c5adc7fae23332282b02fe3e20b282083db733630532097ff63b7efe4e39ce
[debug] [2023-03-02T12:08:35.593Z] >>> [apiv2][query] POST https://upload-firebasehosting.googleapis.com/upload/sites/fav-food-92f4b/versions/2fa184bb475703dd/files/50c5adc7fae23332282b02fe3e20b282083db733630532097ff63b7efe4e39ce [none]
[debug] [2023-03-02T12:08:35.593Z] >>> [apiv2][body] POST https://upload-firebasehosting.googleapis.com/upload/sites/fav-food-92f4b/versions/2fa184bb475703dd/files/50c5adc7fae23332282b02fe3e20b282083db733630532097ff63b7efe4e39ce [stream]
[debug] [2023-03-02T12:08:44.913Z] [uploadQueue] Retrying task a8b83e7bd84472a30a0d41370587c54d4d78392b5abaf3a6456dd4df714f6624
[debug] [2023-03-02T12:08:44.914Z] >>> [apiv2][query] POST https://upload-firebasehosting.googleapis.com/upload/sites/fav-food-92f4b/versions/2fa184bb475703dd/files/a8b83e7bd84472a30a0d41370587c54d4d78392b5abaf3a6456dd4df714f6624 [none]
[debug] [2023-03-02T12:08:44.914Z] >>> [apiv2][body] POST https://upload-firebasehosting.googleapis.com/upload/sites/fav-food-92f4b/versions/2fa184bb475703dd/files/a8b83e7bd84472a30a0d41370587c54d4d78392b5abaf3a6456dd4df714f6624 [stream]
[debug] [2023-03-02T12:09:03.514Z] [uploadQueue] Retrying task 73283b8b5be12347d498c69f1efc636a7836abf9c2d26c28eb35e84c83b1997e
[debug] [2023-03-02T12:09:03.515Z] >>> [apiv2][query] POST https://upload-firebasehosting.googleapis.com/upload/sites/fav-food-92f4b/versions/2fa184bb475703dd/files/73283b8b5be12347d498c69f1efc636a7836abf9c2d26c28eb35e84c83b1997e [none]
[debug] [2023-03-02T12:09:03.515Z] >>> [apiv2][body] POST https://upload-firebasehosting.googleapis.com/upload/sites/fav-food-92f4b/versions/2fa184bb475703dd/files/73283b8b5be12347d498c69f1efc636a7836abf9c2d26c28eb35e84c83b1997e [stream]
[debug] [2023-03-02T12:09:12.959Z] [uploadQueue] Retrying task 1e50cf7a05230e0340c625e7dd01d02e7765442183c718644f84efc3ec6c1121
[debug] [2023-03-02T12:09:12.959Z] >>> [apiv2][query] POST https://upload-firebasehosting.googleapis.com/upload/sites/fav-food-92f4b/versions/2fa184bb475703dd/files/1e50cf7a05230e0340c625e7dd01d02e7765442183c718644f84efc3ec6c1121 [none]
[debug] [2023-03-02T12:09:12.959Z] >>> [apiv2][body] POST https://upload-firebasehosting.googleapis.com/upload/sites/fav-food-92f4b/versions/2fa184bb475703dd/files/1e50cf7a05230e0340c625e7dd01d02e7765442183c718644f84efc3ec6c1121 [stream]
[debug] [2023-03-02T12:09:44.797Z] ----------------------------------------------------------------------
[debug] [2023-03-02T12:09:44.803Z] Command:       /usr/local/bin/node /usr/local/bin/firebase deploy
[debug] [2023-03-02T12:09:44.804Z] CLI Version:   11.24.0
[debug] [2023-03-02T12:09:44.804Z] Platform:      darwin
[debug] [2023-03-02T12:09:44.804Z] Node Version:  v18.13.0
[debug] [2023-03-02T12:09:44.806Z] Time:          Thu Mar 02 2023 14:09:44 GMT+0200 (Eastern European Standard Time)
[debug] [2023-03-02T12:09:44.806Z] ----------------------------------------------------------------------
[debug] 
[debug] [2023-03-02T12:09:44.902Z] > command requires scopes: ["email","openid","https://www.googleapis.com/auth/cloudplatformprojects.readonly","https://www.googleapis.com/auth/firebase","https://www.googleapis.com/auth/cloud-platform"]
[debug] [2023-03-02T12:09:44.902Z] > authorizing via signed-in user (abdallahmohamedien@gmail.com)
[debug] [2023-03-02T12:09:44.902Z] [iam] checking project fav-food-92f4b for permissions ["firebase.projects.get","firebasehosting.sites.update"]
[debug] [2023-03-02T12:09:44.905Z] >>> [apiv2][query] POST https://cloudresourcemanager.googleapis.com/v1/projects/fav-food-92f4b:testIamPermissions [none]
[debug] [2023-03-02T12:09:44.905Z] >>> [apiv2][(partial)header] POST https://cloudresourcemanager.googleapis.com/v1/projects/fav-food-92f4b:testIamPermissions x-goog-quota-user=projects/fav-food-92f4b
[debug] [2023-03-02T12:09:44.905Z] >>> [apiv2][body] POST https://cloudresourcemanager.googleapis.com/v1/projects/fav-food-92f4b:testIamPermissions {"permissions":["firebase.projects.get","firebasehosting.sites.update"]}
[debug] [2023-03-02T12:09:53.219Z] <<< [apiv2][status] POST https://cloudresourcemanager.googleapis.com/v1/projects/fav-food-92f4b:testIamPermissions 200
[debug] [2023-03-02T12:09:53.220Z] <<< [apiv2][body] POST https://cloudresourcemanager.googleapis.com/v1/projects/fav-food-92f4b:testIamPermissions {"permissions":["firebase.projects.get","firebasehosting.sites.update"]}
[debug] [2023-03-02T12:09:53.222Z] >>> [apiv2][query] GET https://firebase.googleapis.com/v1beta1/projects/fav-food-92f4b [none]
[debug] [2023-03-02T12:10:06.740Z] <<< [apiv2][status] GET https://firebase.googleapis.com/v1beta1/projects/fav-food-92f4b 200
[debug] [2023-03-02T12:10:06.741Z] <<< [apiv2][body] GET https://firebase.googleapis.com/v1beta1/projects/fav-food-92f4b {"projectId":"fav-food-92f4b","projectNumber":"155465767569","displayName":"fav-food","name":"projects/fav-food-92f4b","resources":{"hostingSite":"fav-food-92f4b"},"state":"ACTIVE","etag":"1_5d7569a7-4452-4732-a8bd-fa16b7a80247"}
[info] 
[info] === Deploying to 'fav-food-92f4b'...
[info] 
[info] i  deploying hosting 
[debug] [2023-03-02T12:10:06.747Z] >>> [apiv2][query] POST https://firebasehosting.googleapis.com/v1beta1/projects/-/sites/fav-food-92f4b/versions [none]
[debug] [2023-03-02T12:10:06.747Z] >>> [apiv2][body] POST https://firebasehosting.googleapis.com/v1beta1/projects/-/sites/fav-food-92f4b/versions {"status":"CREATED","labels":{"deployment-tool":"cli-firebase"}}
[debug] [2023-03-02T12:10:14.119Z] <<< [apiv2][status] POST https://firebasehosting.googleapis.com/v1beta1/projects/-/sites/fav-food-92f4b/versions 200
[debug] [2023-03-02T12:10:14.119Z] <<< [apiv2][body] POST https://firebasehosting.googleapis.com/v1beta1/projects/-/sites/fav-food-92f4b/versions {"name":"projects/155465767569/sites/fav-food-92f4b/versions/191a46f784223d7b","status":"CREATED","config":{},"labels":{"deployment-tool":"cli-firebase"}}
[info] i  hosting[fav-food-92f4b]: beginning deploy... 
[info] i  hosting[fav-food-92f4b]: found 17 files in build 
[debug] [2023-03-02T12:10:14.131Z] [hosting] uploading with 200 concurrency
[debug] [2023-03-02T12:10:14.139Z] [hosting] hash cache [YnVpbGQ] stored for 17 files
[debug] [2023-03-02T12:10:14.140Z] [hosting][hash queue][FINAL] {"max":1,"min":0,"avg":0,"active":0,"complete":17,"success":17,"errored":0,"retried":0,"total":17,"elapsed":4}
[debug] [2023-03-02T12:10:14.140Z] >>> [apiv2][query] POST https://firebasehosting.googleapis.com/v1beta1/projects/155465767569/sites/fav-food-92f4b/versions/191a46f784223d7b:populateFiles [none]
[debug] [2023-03-02T12:10:14.140Z] >>> [apiv2][body] POST https://firebasehosting.googleapis.com/v1beta1/projects/155465767569/sites/fav-food-92f4b/versions/191a46f784223d7b:populateFiles {"files":{"/asset-manifest.json":"8fa1fa9cc53d4288cadeb76cddb10a234512967bc8381c786196364197a1aac2","/favicon.ico":"b72f7455f00e4e58792d2bca892abb068e2213838c0316d6b7a0d6d16acd1955","/index.html":"b3918f267db6d57c699c3bb55e454b4d2888a240dc1bffcac06f9a57e5e116f9","/logo192.png":"caff018b7f1e8fd481eb1c50d75b0ef236bcd5078b1d15c8bb348453fee30293","/logo512.png":"191fc21360b4ccfb1cda11a1efb97f489ed22672ca83f4064316802bbfdd750e","/manifest.json":"341d52628782f8ac9290bbfc43298afccb47b7cbfcee146ae30cf0f46bc30900","/robots.txt":"391d14b3c2f8c9143a27a28c7399585142228d4d1bdbe2c87ac946de411fa9a2","/static/css/main.f9e38e5a.css":"cd11507ec15fe6548ccb2415ec1279dd1d4e7eedd6cb15613aed81bbd79586e0","/static/css/main.f9e38e5a.css.map":"05b3e65bcaaa4bce64d191146ad3aec11568a9b78aed2ab393c2246e0df08f2e","/static/js/main.08459cf5.js":"12ef4ea03c5257a123ba3d9a9faab1d5026636a9c8210b873a8bdd1f653d5310","/static/js/main.08459cf5.js.LICENSE.txt":"2e0317bf47c29fb7d0485a53b66ae8cb58c98d0cbaf239efac64dd310dfdabda","/static/js/main.08459cf5.js.map":"b3ec1255d55d4011667f642178510410ffefe1d9f8821fb5cc1666a4a4130771","/static/media/Hero2.f8ce8e107792539b912f.jpg":"1e50cf7a05230e0340c625e7dd01d02e7765442183c718644f84efc3ec6c1121","/static/media/dessert.d56377f6a6a906dd0fe0.jpg":"50c5adc7fae23332282b02fe3e20b282083db733630532097ff63b7efe4e39ce","/static/media/food1.d2ced6d4f0527273f093.jpg":"8ee78caf98dde3e6fbc2069513229c15981e5209e54132e2e08fdc4d8c98841c","/static/media/food2.441f7830dfdf6a0ebb1b.jpg":"a8b83e7bd84472a30a0d41370587c54d4d78392b5abaf3a6456dd4df714f6624","/static/media/food3.8e4a4f30430045cb4ca2.jpg":"73283b8b5be12347d498c69f1efc636a7836abf9c2d26c28eb35e84c83b1997e"}}
[debug] [2023-03-02T12:10:19.240Z] <<< [apiv2][status] POST https://firebasehosting.googleapis.com/v1beta1/projects/155465767569/sites/fav-food-92f4b/versions/191a46f784223d7b:populateFiles 200
[debug] [2023-03-02T12:10:19.240Z] <<< [apiv2][body] POST https://firebasehosting.googleapis.com/v1beta1/projects/155465767569/sites/fav-food-92f4b/versions/191a46f784223d7b:populateFiles {"uploadRequiredHashes":["50c5adc7fae23332282b02fe3e20b282083db733630532097ff63b7efe4e39ce","a8b83e7bd84472a30a0d41370587c54d4d78392b5abaf3a6456dd4df714f6624","73283b8b5be12347d498c69f1efc636a7836abf9c2d26c28eb35e84c83b1997e"],"uploadUrl":"https://upload-firebasehosting.googleapis.com/upload/sites/fav-food-92f4b/versions/191a46f784223d7b/files"}
[debug] [2023-03-02T12:10:19.242Z] >>> [apiv2][query] POST https://upload-firebasehosting.googleapis.com/upload/sites/fav-food-92f4b/versions/191a46f784223d7b/files/50c5adc7fae23332282b02fe3e20b282083db733630532097ff63b7efe4e39ce [none]
[debug] [2023-03-02T12:10:19.242Z] >>> [apiv2][body] POST https://upload-firebasehosting.googleapis.com/upload/sites/fav-food-92f4b/versions/191a46f784223d7b/files/50c5adc7fae23332282b02fe3e20b282083db733630532097ff63b7efe4e39ce [stream]
[debug] [2023-03-02T12:10:19.243Z] >>> [apiv2][query] POST https://upload-firebasehosting.googleapis.com/upload/sites/fav-food-92f4b/versions/191a46f784223d7b/files/a8b83e7bd84472a30a0d41370587c54d4d78392b5abaf3a6456dd4df714f6624 [none]
[debug] [2023-03-02T12:10:19.243Z] >>> [apiv2][body] POST https://upload-firebasehosting.googleapis.com/upload/sites/fav-food-92f4b/versions/191a46f784223d7b/files/a8b83e7bd84472a30a0d41370587c54d4d78392b5abaf3a6456dd4df714f6624 [stream]
[debug] [2023-03-02T12:10:19.245Z] >>> [apiv2][query] POST https://upload-firebasehosting.googleapis.com/upload/sites/fav-food-92f4b/versions/191a46f784223d7b/files/73283b8b5be12347d498c69f1efc636a7836abf9c2d26c28eb35e84c83b1997e [none]
[debug] [2023-03-02T12:10:19.245Z] >>> [apiv2][body] POST https://upload-firebasehosting.googleapis.com/upload/sites/fav-food-92f4b/versions/191a46f784223d7b/files/73283b8b5be12347d498c69f1efc636a7836abf9c2d26c28eb35e84c83b1997e [stream]
[debug] [2023-03-02T12:10:19.247Z] [hosting][populate queue][FINAL] {"max":5104,"min":5104,"avg":5104,"active":0,"complete":1,"success":1,"errored":0,"retried":0,"total":1,"elapsed":5109}
[debug] [2023-03-02T12:10:19.247Z] [hosting] uploads queued: 3
[debug] [2023-03-02T12:11:03.924Z] [uploadQueue] Retrying task a8b83e7bd84472a30a0d41370587c54d4d78392b5abaf3a6456dd4df714f6624
[debug] [2023-03-02T12:11:03.924Z] >>> [apiv2][query] POST https://upload-firebasehosting.googleapis.com/upload/sites/fav-food-92f4b/versions/191a46f784223d7b/files/a8b83e7bd84472a30a0d41370587c54d4d78392b5abaf3a6456dd4df714f6624 [none]
[debug] [2023-03-02T12:11:03.924Z] >>> [apiv2][body] POST https://upload-firebasehosting.googleapis.com/upload/sites/fav-food-92f4b/versions/191a46f784223d7b/files/a8b83e7bd84472a30a0d41370587c54d4d78392b5abaf3a6456dd4df714f6624 [stream]
[debug] [2023-03-02T12:11:22.203Z] [uploadQueue] Retrying task 50c5adc7fae23332282b02fe3e20b282083db733630532097ff63b7efe4e39ce
[debug] [2023-03-02T12:11:22.204Z] >>> [apiv2][query] POST https://upload-firebasehosting.googleapis.com/upload/sites/fav-food-92f4b/versions/191a46f784223d7b/files/50c5adc7fae23332282b02fe3e20b282083db733630532097ff63b7efe4e39ce [none]
[debug] [2023-03-02T12:11:22.204Z] >>> [apiv2][body] POST https://upload-firebasehosting.googleapis.com/upload/sites/fav-food-92f4b/versions/191a46f784223d7b/files/50c5adc7fae23332282b02fe3e20b282083db733630532097ff63b7efe4e39ce [stream]
[debug] [2023-03-02T12:11:36.163Z] [uploadQueue] Retrying task 73283b8b5be12347d498c69f1efc636a7836abf9c2d26c28eb35e84c83b1997e
[debug] [2023-03-02T12:11:36.164Z] >>> [apiv2][query] POST https://upload-firebasehosting.googleapis.com/upload/sites/fav-food-92f4b/versions/191a46f784223d7b/files/73283b8b5be12347d498c69f1efc636a7836abf9c2d26c28eb35e84c83b1997e [none]
[debug] [2023-03-02T12:11:36.164Z] >>> [apiv2][body] POST https://upload-firebasehosting.googleapis.com/upload/sites/fav-food-92f4b/versions/191a46f784223d7b/files/73283b8b5be12347d498c69f1efc636a7836abf9c2d26c28eb35e84c83b1997e [stream]
[debug] [2023-03-02T12:11:49.005Z] [uploadQueue] Retrying task a8b83e7bd84472a30a0d41370587c54d4d78392b5abaf3a6456dd4df714f6624
[debug] [2023-03-02T12:11:49.006Z] >>> [apiv2][query] POST https://upload-firebasehosting.googleapis.com/upload/sites/fav-food-92f4b/versions/191a46f784223d7b/files/a8b83e7bd84472a30a0d41370587c54d4d78392b5abaf3a6456dd4df714f6624 [none]
[debug] [2023-03-02T12:11:49.006Z] >>> [apiv2][body] POST https://upload-firebasehosting.googleapis.com/upload/sites/fav-food-92f4b/versions/191a46f784223d7b/files/a8b83e7bd84472a30a0d41370587c54d4d78392b5abaf3a6456dd4df714f6624 [stream]
[debug] [2023-03-02T12:12:00.807Z] [uploadQueue] Retrying task a8b83e7bd84472a30a0d41370587c54d4d78392b5abaf3a6456dd4df714f6624
[debug] [2023-03-02T12:12:00.808Z] >>> [apiv2][query] POST https://upload-firebasehosting.googleapis.com/upload/sites/fav-food-92f4b/versions/191a46f784223d7b/files/a8b83e7bd84472a30a0d41370587c54d4d78392b5abaf3a6456dd4df714f6624 [none]
[debug] [2023-03-02T12:12:00.808Z] >>> [apiv2][body] POST https://upload-firebasehosting.googleapis.com/upload/sites/fav-food-92f4b/versions/191a46f784223d7b/files/a8b83e7bd84472a30a0d41370587c54d4d78392b5abaf3a6456dd4df714f6624 [stream]
[debug] [2023-03-02T12:12:25.565Z] [uploadQueue] Retrying task 50c5adc7fae23332282b02fe3e20b282083db733630532097ff63b7efe4e39ce
[debug] [2023-03-02T12:12:25.566Z] >>> [apiv2][query] POST https://upload-firebasehosting.googleapis.com/upload/sites/fav-food-92f4b/versions/191a46f784223d7b/files/50c5adc7fae23332282b02fe3e20b282083db733630532097ff63b7efe4e39ce [none]
[debug] [2023-03-02T12:12:25.566Z] >>> [apiv2][body] POST https://upload-firebasehosting.googleapis.com/upload/sites/fav-food-92f4b/versions/191a46f784223d7b/files/50c5adc7fae23332282b02fe3e20b282083db733630532097ff63b7efe4e39ce [stream]
[debug] [2023-03-02T12:12:37.345Z] [uploadQueue] Retrying task 50c5adc7fae23332282b02fe3e20b282083db733630532097ff63b7efe4e39ce
[debug] [2023-03-02T12:12:37.346Z] >>> [apiv2][query] POST https://upload-firebasehosting.googleapis.com/upload/sites/fav-food-92f4b/versions/191a46f784223d7b/files/50c5adc7fae23332282b02fe3e20b282083db733630532097ff63b7efe4e39ce [none]
[debug] [2023-03-02T12:12:37.346Z] >>> [apiv2][body] POST https://upload-firebasehosting.googleapis.com/upload/sites/fav-food-92f4b/versions/191a46f784223d7b/files/50c5adc7fae23332282b02fe3e20b282083db733630532097ff63b7efe4e39ce [stream]
[debug] [2023-03-02T12:12:48.289Z] [uploadQueue] Retrying task a8b83e7bd84472a30a0d41370587c54d4d78392b5abaf3a6456dd4df714f6624
[debug] [2023-03-02T12:12:48.290Z] >>> [apiv2][query] POST https://upload-firebasehosting.googleapis.com/upload/sites/fav-food-92f4b/versions/191a46f784223d7b/files/a8b83e7bd84472a30a0d41370587c54d4d78392b5abaf3a6456dd4df714f6624 [none]
[debug] [2023-03-02T12:12:48.290Z] >>> [apiv2][body] POST https://upload-firebasehosting.googleapis.com/upload/sites/fav-food-92f4b/versions/191a46f784223d7b/files/a8b83e7bd84472a30a0d41370587c54d4d78392b5abaf3a6456dd4df714f6624 [stream]
[debug] [2023-03-02T12:12:50.734Z] [uploadQueue] Retrying task 50c5adc7fae23332282b02fe3e20b282083db733630532097ff63b7efe4e39ce
[debug] [2023-03-02T12:12:50.735Z] >>> [apiv2][query] POST https://upload-firebasehosting.googleapis.com/upload/sites/fav-food-92f4b/versions/191a46f784223d7b/files/50c5adc7fae23332282b02fe3e20b282083db733630532097ff63b7efe4e39ce [none]
[debug] [2023-03-02T12:12:50.735Z] >>> [apiv2][body] POST https://upload-firebasehosting.googleapis.com/upload/sites/fav-food-92f4b/versions/191a46f784223d7b/files/50c5adc7fae23332282b02fe3e20b282083db733630532097ff63b7efe4e39ce [stream]
[debug] [2023-03-02T12:12:53.486Z] [uploadQueue] Retrying task 73283b8b5be12347d498c69f1efc636a7836abf9c2d26c28eb35e84c83b1997e
[debug] [2023-03-02T12:12:53.488Z] >>> [apiv2][query] POST https://upload-firebasehosting.googleapis.com/upload/sites/fav-food-92f4b/versions/191a46f784223d7b/files/73283b8b5be12347d498c69f1efc636a7836abf9c2d26c28eb35e84c83b1997e [none]
[debug] [2023-03-02T12:12:53.488Z] >>> [apiv2][body] POST https://upload-firebasehosting.googleapis.com/upload/sites/fav-food-92f4b/versions/191a46f784223d7b/files/73283b8b5be12347d498c69f1efc636a7836abf9c2d26c28eb35e84c83b1997e [stream]
[debug] [2023-03-02T12:13:38.974Z] [uploadQueue] Retrying task a8b83e7bd84472a30a0d41370587c54d4d78392b5abaf3a6456dd4df714f6624
[debug] [2023-03-02T12:13:38.975Z] >>> [apiv2][query] POST https://upload-firebasehosting.googleapis.com/upload/sites/fav-food-92f4b/versions/191a46f784223d7b/files/a8b83e7bd84472a30a0d41370587c54d4d78392b5abaf3a6456dd4df714f6624 [none]
[debug] [2023-03-02T12:13:38.975Z] >>> [apiv2][body] POST https://upload-firebasehosting.googleapis.com/upload/sites/fav-food-92f4b/versions/191a46f784223d7b/files/a8b83e7bd84472a30a0d41370587c54d4d78392b5abaf3a6456dd4df714f6624 [stream]
